GROUP,PACKAGE,CLASS,INSTRUCTION_MISSED,INSTRUCTION_COVERED,BRANCH_MISSED,BRANCH_COVERED,LINE_MISSED,LINE_COVERED,COMPLEXITY_MISSED,COMPLEXITY_COVERED,METHOD_MISSED,METHOD_COVERED
MinesweeperGame,com.tsi.training.aziz.mohammed.minesweeper,Board.cell,6,0,0,0,1,0,1,0,1,0
MinesweeperGame,com.tsi.training.aziz.mohammed.minesweeper,Cell,73,0,8,0,27,0,15,0,11,0
MinesweeperGame,com.tsi.training.aziz.mohammed.minesweeper,Game,180,0,24,0,49,0,17,0,5,0
MinesweeperGame,com.tsi.training.aziz.mohammed.minesweeper,Main,10,0,0,0,4,0,2,0,2,0
MinesweeperGame,com.tsi.training.aziz.mohammed.minesweeper,Position,9,0,0,0,4,0,1,0,1,0
MinesweeperGame,com.tsi.training.aziz.mohammed.minesweeper,Board,615,0,60,0,97,0,47,0,17,0
