<?xml version="1.0" encoding="UTF-8" ?>
<testsuite tests="9" failures="0" name="com.tsi.test.aziz.mohammed.mindsweeper.BoardTest" time="0.032" errors="0" skipped="0">
  <properties>
[...]
</properties>
  <testcase classname="com.tsi.test.aziz.mohammed.mindsweeper.BoardTest" name="com.tsi.test.aziz.mohammed.mindsweeper.BoardTest.testValidPosition" time="0.031"/>
  <testcase classname="com.tsi.test.aziz.mohammed.mindsweeper.BoardTest" name="com.tsi.test.aziz.mohammed.mindsweeper.BoardTest.testRevealCell" time="0"/>
  <testcase classname="com.tsi.test.aziz.mohammed.mindsweeper.BoardTest" name="com.tsi.test.aziz.mohammed.mindsweeper.BoardTest.testIsCellRevealed" time="0"/>
  <testcase classname="com.tsi.test.aziz.mohammed.mindsweeper.BoardTest" name="com.tsi.test.aziz.mohammed.mindsweeper.BoardTest.testRevealAll" time="0.001"/>
  <testcase classname="com.tsi.test.aziz.mohammed.mindsweeper.BoardTest" name="com.tsi.test.aziz.mohammed.mindsweeper.BoardTest.testIsCellBomb" time="0"/>
  <testcase classname="com.tsi.test.aziz.mohammed.mindsweeper.BoardTest" name="com.tsi.test.aziz.mohammed.mindsweeper.BoardTest.testIsCellFlagged" time="0"/>
  <testcase classname="com.tsi.test.aziz.mohammed.mindsweeper.BoardTest" name="com.tsi.test.aziz.mohammed.mindsweeper.BoardTest.testFlagCell" time="0"/>
  <testcase classname="com.tsi.test.aziz.mohammed.mindsweeper.BoardTest" name="com.tsi.test.aziz.mohammed.mindsweeper.BoardTest.testAddBomb" time="0"/>
  <testcase classname="com.tsi.test.aziz.mohammed.mindsweeper.BoardTest" name="com.tsi.test.aziz.mohammed.mindsweeper.BoardTest.testIsWon" time="0"/>
</testsuite>